<?xml version="1.0" encoding="UTF-8"?>
<!-- Generated by org.testng.reporters.JUnitReportReporter -->
<testsuite skipped="0" hostname="LAPTOP-QN17ATHQ" name="com.mns.atl.freecrm.GoogleSearchTest" tests="1" failures="0" timestamp="26 Jan 2018 16:57:46 GMT" time="14.852" errors="0">
  <testcase name="googleSearch" time="14.852" classname="com.mns.atl.freecrm.GoogleSearchTest"/>
</testsuite> <!-- com.mns.atl.freecrm.GoogleSearchTest -->
